  Body.cpp
  GameManager.cpp
E:\Documents\School\AI\AI-project\AI framework 21.9.22\SDL_Framework21.0.0\Framework\GameManager.h(3,10): fatal error C1083: Cannot open include file: 'SDL.h': No such file or directory
  KinematicArrive.cpp
E:\Documents\School\AI\AI-project\AI framework 21.9.22\SDL_Framework21.0.0\Framework\Mouse.h(5,10): fatal error C1083: Cannot open include file: 'SDL.h': No such file or directory
  KinematicSeek.cpp
E:\Documents\School\AI\AI-project\AI framework 21.9.22\SDL_Framework21.0.0\Framework\Mouse.h(5,10): fatal error C1083: Cannot open include file: 'SDL.h': No such file or directory
  KinematicSteeringOutPut.cpp
  Main.cpp
E:\Documents\School\AI\AI-project\AI framework 21.9.22\SDL_Framework21.0.0\Framework\GameManager.h(3,10): fatal error C1083: Cannot open include file: 'SDL.h': No such file or directory
  MMath.cpp
  Mouse.cpp
E:\Documents\School\AI\AI-project\AI framework 21.9.22\SDL_Framework21.0.0\Framework\Mouse.h(5,10): fatal error C1083: Cannot open include file: 'SDL.h': No such file or directory
  Scene0.cpp
E:\Documents\School\AI\AI-project\AI framework 21.9.22\SDL_Framework21.0.0\Framework\Scene0.h(6,10): fatal error C1083: Cannot open include file: 'SDL.h': No such file or directory
  Scene2.cpp
E:\Documents\School\AI\AI-project\AI framework 21.9.22\SDL_Framework21.0.0\Framework\Scene2.h(6,10): fatal error C1083: Cannot open include file: 'SDL.h': No such file or directory
  Timer.cpp
E:\Documents\School\AI\AI-project\AI framework 21.9.22\SDL_Framework21.0.0\Framework\Timer.cpp(1,10): fatal error C1083: Cannot open include file: 'SDL.h': No such file or directory
  VMath.cpp
  Window.cpp
E:\Documents\School\AI\AI-project\AI framework 21.9.22\SDL_Framework21.0.0\Framework\Window.cpp(2,10): fatal error C1083: Cannot open include file: 'SDL.h': No such file or directory
  Generating Code...
